<?xml version="1.0" encoding="UTF-8"?>
<testsuite xmlns:xsi="http://www.w3.org/2001/XMLSchema-instance" xsi:noNamespaceSchemaLocation="https://maven.apache.org/surefire/maven-surefire-plugin/xsd/surefire-test-report.xsd" name="testHomePage.TestMainPage" time="1.197" tests="21" errors="0" skipped="20" failures="1">
  <properties>
    <property name="gopherProxySet" value="false"/>
    <property name="awt.toolkit" value="sun.lwawt.macosx.LWCToolkit"/>
    <property name="java.specification.version" value="11"/>
    <property name="sun.cpu.isalist" value=""/>
    <property name="sun.jnu.encoding" value="UTF-8"/>
    <property name="java.class.path" value="/Users/alrafifahd96gmail.com/Desktop/GroupFrameworkTeam11/ebay/target/test-classes:/Users/alrafifahd96gmail.com/Desktop/GroupFrameworkTeam11/ebay/target/classes:/Users/alrafifahd96gmail.com/.m2/repository/com/ebay/Generic/1.0-SNAPSHOT/Generic-1.0-SNAPSHOT.jar:/Users/alrafifahd96gmail.com/.m2/repository/org/testng/testng/6.14.3/testng-6.14.3.jar:/Users/alrafifahd96gmail.com/.m2/repository/com/beust/jcommander/1.72/jcommander-1.72.jar:/Users/alrafifahd96gmail.com/.m2/repository/org/apache-extras/beanshell/bsh/2.0b6/bsh-2.0b6.jar:/Users/alrafifahd96gmail.com/.m2/repository/org/seleniumhq/selenium/selenium-java/3.14.0/selenium-java-3.14.0.jar:/Users/alrafifahd96gmail.com/.m2/repository/org/seleniumhq/selenium/selenium-api/3.14.0/selenium-api-3.14.0.jar:/Users/alrafifahd96gmail.com/.m2/repository/org/seleniumhq/selenium/selenium-chrome-driver/3.14.0/selenium-chrome-driver-3.14.0.jar:/Users/alrafifahd96gmail.com/.m2/repository/org/seleniumhq/selenium/selenium-edge-driver/3.14.0/selenium-edge-driver-3.14.0.jar:/Users/alrafifahd96gmail.com/.m2/repository/org/seleniumhq/selenium/selenium-firefox-driver/3.14.0/selenium-firefox-driver-3.14.0.jar:/Users/alrafifahd96gmail.com/.m2/repository/org/seleniumhq/selenium/selenium-ie-driver/3.14.0/selenium-ie-driver-3.14.0.jar:/Users/alrafifahd96gmail.com/.m2/repository/org/seleniumhq/selenium/selenium-opera-driver/3.14.0/selenium-opera-driver-3.14.0.jar:/Users/alrafifahd96gmail.com/.m2/repository/org/seleniumhq/selenium/selenium-remote-driver/3.14.0/selenium-remote-driver-3.14.0.jar:/Users/alrafifahd96gmail.com/.m2/repository/org/seleniumhq/selenium/selenium-safari-driver/3.14.0/selenium-safari-driver-3.14.0.jar:/Users/alrafifahd96gmail.com/.m2/repository/org/seleniumhq/selenium/selenium-support/3.14.0/selenium-support-3.14.0.jar:/Users/alrafifahd96gmail.com/.m2/repository/net/bytebuddy/byte-buddy/1.8.15/byte-buddy-1.8.15.jar:/Users/alrafifahd96gmail.com/.m2/repository/org/apache/commons/commons-exec/1.3/commons-exec-1.3.jar:/Users/alrafifahd96gmail.com/.m2/repository/commons-codec/commons-codec/1.10/commons-codec-1.10.jar:/Users/alrafifahd96gmail.com/.m2/repository/commons-logging/commons-logging/1.2/commons-logging-1.2.jar:/Users/alrafifahd96gmail.com/.m2/repository/com/google/guava/guava/25.0-jre/guava-25.0-jre.jar:/Users/alrafifahd96gmail.com/.m2/repository/com/google/code/findbugs/jsr305/1.3.9/jsr305-1.3.9.jar:/Users/alrafifahd96gmail.com/.m2/repository/org/checkerframework/checker-compat-qual/2.0.0/checker-compat-qual-2.0.0.jar:/Users/alrafifahd96gmail.com/.m2/repository/com/google/errorprone/error_prone_annotations/2.1.3/error_prone_annotations-2.1.3.jar:/Users/alrafifahd96gmail.com/.m2/repository/com/google/j2objc/j2objc-annotations/1.1/j2objc-annotations-1.1.jar:/Users/alrafifahd96gmail.com/.m2/repository/org/codehaus/mojo/animal-sniffer-annotations/1.14/animal-sniffer-annotations-1.14.jar:/Users/alrafifahd96gmail.com/.m2/repository/org/apache/httpcomponents/httpclient/4.5.5/httpclient-4.5.5.jar:/Users/alrafifahd96gmail.com/.m2/repository/org/apache/httpcomponents/httpcore/4.4.9/httpcore-4.4.9.jar:/Users/alrafifahd96gmail.com/.m2/repository/com/squareup/okhttp3/okhttp/3.10.0/okhttp-3.10.0.jar:/Users/alrafifahd96gmail.com/.m2/repository/com/squareup/okio/okio/1.14.1/okio-1.14.1.jar:/Users/alrafifahd96gmail.com/.m2/repository/org/seleniumhq/selenium/selenium-server/3.14.0/selenium-server-3.14.0.jar:/Users/alrafifahd96gmail.com/.m2/repository/org/apache/commons/commons-lang3/3.7/commons-lang3-3.7.jar:/Users/alrafifahd96gmail.com/.m2/repository/org/apache/commons/commons-text/1.1/commons-text-1.1.jar:/Users/alrafifahd96gmail.com/.m2/repository/commons-io/commons-io/2.6/commons-io-2.6.jar:/Users/alrafifahd96gmail.com/.m2/repository/commons-net/commons-net/3.6/commons-net-3.6.jar:/Users/alrafifahd96gmail.com/.m2/repository/net/sourceforge/htmlunit/htmlunit/2.30/htmlunit-2.30.jar:/Users/alrafifahd96gmail.com/.m2/repository/net/sourceforge/htmlunit/htmlunit-core-js/2.28/htmlunit-core-js-2.28.jar:/Users/alrafifahd96gmail.com/.m2/repository/net/sourceforge/htmlunit/htmlunit-cssparser/1.0.0/htmlunit-cssparser-1.0.0.jar:/Users/alrafifahd96gmail.com/.m2/repository/net/sourceforge/htmlunit/neko-htmlunit/2.30/neko-htmlunit-2.30.jar:/Users/alrafifahd96gmail.com/.m2/repository/org/apache/httpcomponents/httpmime/4.5.5/httpmime-4.5.5.jar:/Users/alrafifahd96gmail.com/.m2/repository/net/jcip/jcip-annotations/1.0/jcip-annotations-1.0.jar:/Users/alrafifahd96gmail.com/.m2/repository/org/seleniumhq/selenium/jetty-repacked/9.4.8.v20180619/jetty-repacked-9.4.8.v20180619.jar:/Users/alrafifahd96gmail.com/.m2/repository/org/eclipse/jetty/jetty-client/9.4.8.v20180619/jetty-client-9.4.8.v20180619.jar:/Users/alrafifahd96gmail.com/.m2/repository/org/eclipse/jetty/jetty-http/9.4.8.v20180619/jetty-http-9.4.8.v20180619.jar:/Users/alrafifahd96gmail.com/.m2/repository/org/eclipse/jetty/jetty-io/9.4.8.v20180619/jetty-io-9.4.8.v20180619.jar:/Users/alrafifahd96gmail.com/.m2/repository/org/eclipse/jetty/jetty-util/9.4.8.v20180619/jetty-util-9.4.8.v20180619.jar:/Users/alrafifahd96gmail.com/.m2/repository/org/eclipse/jetty/jetty-xml/9.4.8.v20180619/jetty-xml-9.4.8.v20180619.jar:/Users/alrafifahd96gmail.com/.m2/repository/org/seleniumhq/selenium/htmlunit-driver/2.30.0/htmlunit-driver-2.30.0.jar:/Users/alrafifahd96gmail.com/.m2/repository/javax/servlet/javax.servlet-api/3.1.0/javax.servlet-api-3.1.0.jar:/Users/alrafifahd96gmail.com/.m2/repository/org/eclipse/jetty/websocket/websocket-api/9.4.8.v20180619/websocket-api-9.4.8.v20180619.jar:/Users/alrafifahd96gmail.com/.m2/repository/org/eclipse/jetty/websocket/websocket-client/9.4.8.v20180619/websocket-client-9.4.8.v20180619.jar:/Users/alrafifahd96gmail.com/.m2/repository/org/eclipse/jetty/websocket/websocket-common/9.4.8.v20180619/websocket-common-9.4.8.v20180619.jar:/Users/alrafifahd96gmail.com/.m2/repository/xalan/serializer/2.7.2/serializer-2.7.2.jar:/Users/alrafifahd96gmail.com/.m2/repository/xalan/xalan/2.7.2/xalan-2.7.2.jar:/Users/alrafifahd96gmail.com/.m2/repository/xerces/xercesImpl/2.11.0/xercesImpl-2.11.0.jar:/Users/alrafifahd96gmail.com/.m2/repository/xml-apis/xml-apis/1.4.01/xml-apis-1.4.01.jar:/Users/alrafifahd96gmail.com/.m2/repository/org/yaml/snakeyaml/1.19/snakeyaml-1.19.jar:/Users/alrafifahd96gmail.com/.m2/repository/org/apache/poi/poi/3.17/poi-3.17.jar:/Users/alrafifahd96gmail.com/.m2/repository/org/apache/commons/commons-collections4/4.1/commons-collections4-4.1.jar:/Users/alrafifahd96gmail.com/.m2/repository/org/apache/poi/poi-ooxml/3.17/poi-ooxml-3.17.jar:/Users/alrafifahd96gmail.com/.m2/repository/org/apache/poi/poi-ooxml-schemas/3.17/poi-ooxml-schemas-3.17.jar:/Users/alrafifahd96gmail.com/.m2/repository/org/apache/xmlbeans/xmlbeans/2.6.0/xmlbeans-2.6.0.jar:/Users/alrafifahd96gmail.com/.m2/repository/stax/stax-api/1.0.1/stax-api-1.0.1.jar:/Users/alrafifahd96gmail.com/.m2/repository/com/github/virtuald/curvesapi/1.04/curvesapi-1.04.jar:/Users/alrafifahd96gmail.com/.m2/repository/com/google/api-client/google-api-client/1.23.0/google-api-client-1.23.0.jar:/Users/alrafifahd96gmail.com/.m2/repository/com/google/oauth-client/google-oauth-client/1.23.0/google-oauth-client-1.23.0.jar:/Users/alrafifahd96gmail.com/.m2/repository/com/google/http-client/google-http-client/1.23.0/google-http-client-1.23.0.jar:/Users/alrafifahd96gmail.com/.m2/repository/com/google/http-client/google-http-client-jackson2/1.23.0/google-http-client-jackson2-1.23.0.jar:/Users/alrafifahd96gmail.com/.m2/repository/com/fasterxml/jackson/core/jackson-core/2.1.3/jackson-core-2.1.3.jar:/Users/alrafifahd96gmail.com/.m2/repository/com/google/guava/guava-jdk5/17.0/guava-jdk5-17.0.jar:/Users/alrafifahd96gmail.com/.m2/repository/com/google/oauth-client/google-oauth-client-jetty/1.23.0/google-oauth-client-jetty-1.23.0.jar:/Users/alrafifahd96gmail.com/.m2/repository/com/google/oauth-client/google-oauth-client-java6/1.23.0/google-oauth-client-java6-1.23.0.jar:/Users/alrafifahd96gmail.com/.m2/repository/org/mortbay/jetty/jetty/6.1.26/jetty-6.1.26.jar:/Users/alrafifahd96gmail.com/.m2/repository/org/mortbay/jetty/jetty-util/6.1.26/jetty-util-6.1.26.jar:/Users/alrafifahd96gmail.com/.m2/repository/org/mortbay/jetty/servlet-api/2.5-20081211/servlet-api-2.5-20081211.jar:/Users/alrafifahd96gmail.com/.m2/repository/com/google/apis/google-api-services-sheets/v4-rev498-1.23.0/google-api-services-sheets-v4-rev498-1.23.0.jar:/Users/alrafifahd96gmail.com/.m2/repository/org/mongodb/mongo-java-driver/3.6.0-beta1/mongo-java-driver-3.6.0-beta1.jar:/Users/alrafifahd96gmail.com/.m2/repository/mysql/mysql-connector-java/6.0.6/mysql-connector-java-6.0.6.jar:/Users/alrafifahd96gmail.com/.m2/repository/com/relevantcodes/extentreports/2.41.1/extentreports-2.41.1.jar:/Users/alrafifahd96gmail.com/.m2/repository/org/jsoup/jsoup/1.8.3/jsoup-1.8.3.jar:/Users/alrafifahd96gmail.com/.m2/repository/org/xerial/sqlite-jdbc/3.8.11.1/sqlite-jdbc-3.8.11.1.jar:/Users/alrafifahd96gmail.com/.m2/repository/org/freemarker/freemarker/2.3.23/freemarker-2.3.23.jar:/Users/alrafifahd96gmail.com/.m2/repository/org/mongodb/mongodb-driver/3.0.4/mongodb-driver-3.0.4.jar:/Users/alrafifahd96gmail.com/.m2/repository/org/mongodb/bson/3.0.4/bson-3.0.4.jar:/Users/alrafifahd96gmail.com/.m2/repository/org/mongodb/mongodb-driver-core/3.0.4/mongodb-driver-core-3.0.4.jar:/Users/alrafifahd96gmail.com/.m2/repository/com/aventstack/extentreports/3.0.7/extentreports-3.0.7.jar:/Users/alrafifahd96gmail.com/.m2/repository/com/google/code/gson/gson/2.8.0/gson-2.8.0.jar:/Users/alrafifahd96gmail.com/.m2/repository/io/rest-assured/rest-assured/3.0.6/rest-assured-3.0.6.jar:/Users/alrafifahd96gmail.com/.m2/repository/org/codehaus/groovy/groovy/2.4.12/groovy-2.4.12.jar:/Users/alrafifahd96gmail.com/.m2/repository/org/codehaus/groovy/groovy-xml/2.4.12/groovy-xml-2.4.12.jar:/Users/alrafifahd96gmail.com/.m2/repository/org/hamcrest/hamcrest-core/1.3/hamcrest-core-1.3.jar:/Users/alrafifahd96gmail.com/.m2/repository/org/hamcrest/hamcrest-library/1.3/hamcrest-library-1.3.jar:/Users/alrafifahd96gmail.com/.m2/repository/org/ccil/cowan/tagsoup/tagsoup/1.2.1/tagsoup-1.2.1.jar:/Users/alrafifahd96gmail.com/.m2/repository/io/rest-assured/json-path/3.0.6/json-path-3.0.6.jar:/Users/alrafifahd96gmail.com/.m2/repository/org/codehaus/groovy/groovy-json/2.4.12/groovy-json-2.4.12.jar:/Users/alrafifahd96gmail.com/.m2/repository/io/rest-assured/rest-assured-common/3.0.6/rest-assured-common-3.0.6.jar:/Users/alrafifahd96gmail.com/.m2/repository/io/rest-assured/xml-path/3.0.6/xml-path-3.0.6.jar:/Users/alrafifahd96gmail.com/.m2/repository/javax/xml/bind/jaxb-api/2.2.12/jaxb-api-2.2.12.jar:/Users/alrafifahd96gmail.com/.m2/repository/com/googlecode/json-simple/json-simple/1.1.1/json-simple-1.1.1.jar:/Users/alrafifahd96gmail.com/.m2/repository/junit/junit/4.10/junit-4.10.jar:/Users/alrafifahd96gmail.com/.m2/repository/org/apache/maven/surefire/surefire-testng-utils/2.22.0/surefire-testng-utils-2.22.0.jar:/Users/alrafifahd96gmail.com/.m2/repository/org/apache/maven/surefire/surefire-grouper/2.22.0/surefire-grouper-2.22.0.jar:"/>
    <property name="java.vm.vendor" value="Oracle Corporation"/>
    <property name="sun.arch.data.model" value="64"/>
    <property name="java.vendor.url" value="http://java.oracle.com/"/>
    <property name="user.timezone" value=""/>
    <property name="java.vm.specification.version" value="11"/>
    <property name="os.name" value="Mac OS X"/>
    <property name="sun.java.launcher" value="SUN_STANDARD"/>
    <property name="user.country" value="US"/>
    <property name="sun.boot.library.path" value="/Library/Java/JavaVirtualMachines/jdk-11.0.1.jdk/Contents/Home/lib"/>
    <property name="sun.java.command" value="/Users/alrafifahd96gmail.com/Desktop/GroupFrameworkTeam11/ebay/target/surefire/surefirebooter15271744107248832316.jar /Users/alrafifahd96gmail.com/Desktop/GroupFrameworkTeam11/ebay/target/surefire 2019-01-08T20-57-50_412-jvmRun1 surefire16773232697550816342tmp surefire_09197284789908768733tmp"/>
    <property name="http.nonProxyHosts" value="local|*.local|169.254/16|*.169.254/16"/>
    <property name="jdk.debug" value="release"/>
    <property name="surefire.test.class.path" value="/Users/alrafifahd96gmail.com/Desktop/GroupFrameworkTeam11/ebay/target/test-classes:/Users/alrafifahd96gmail.com/Desktop/GroupFrameworkTeam11/ebay/target/classes:/Users/alrafifahd96gmail.com/.m2/repository/com/ebay/Generic/1.0-SNAPSHOT/Generic-1.0-SNAPSHOT.jar:/Users/alrafifahd96gmail.com/.m2/repository/org/testng/testng/6.14.3/testng-6.14.3.jar:/Users/alrafifahd96gmail.com/.m2/repository/com/beust/jcommander/1.72/jcommander-1.72.jar:/Users/alrafifahd96gmail.com/.m2/repository/org/apache-extras/beanshell/bsh/2.0b6/bsh-2.0b6.jar:/Users/alrafifahd96gmail.com/.m2/repository/org/seleniumhq/selenium/selenium-java/3.14.0/selenium-java-3.14.0.jar:/Users/alrafifahd96gmail.com/.m2/repository/org/seleniumhq/selenium/selenium-api/3.14.0/selenium-api-3.14.0.jar:/Users/alrafifahd96gmail.com/.m2/repository/org/seleniumhq/selenium/selenium-chrome-driver/3.14.0/selenium-chrome-driver-3.14.0.jar:/Users/alrafifahd96gmail.com/.m2/repository/org/seleniumhq/selenium/selenium-edge-driver/3.14.0/selenium-edge-driver-3.14.0.jar:/Users/alrafifahd96gmail.com/.m2/repository/org/seleniumhq/selenium/selenium-firefox-driver/3.14.0/selenium-firefox-driver-3.14.0.jar:/Users/alrafifahd96gmail.com/.m2/repository/org/seleniumhq/selenium/selenium-ie-driver/3.14.0/selenium-ie-driver-3.14.0.jar:/Users/alrafifahd96gmail.com/.m2/repository/org/seleniumhq/selenium/selenium-opera-driver/3.14.0/selenium-opera-driver-3.14.0.jar:/Users/alrafifahd96gmail.com/.m2/repository/org/seleniumhq/selenium/selenium-remote-driver/3.14.0/selenium-remote-driver-3.14.0.jar:/Users/alrafifahd96gmail.com/.m2/repository/org/seleniumhq/selenium/selenium-safari-driver/3.14.0/selenium-safari-driver-3.14.0.jar:/Users/alrafifahd96gmail.com/.m2/repository/org/seleniumhq/selenium/selenium-support/3.14.0/selenium-support-3.14.0.jar:/Users/alrafifahd96gmail.com/.m2/repository/net/bytebuddy/byte-buddy/1.8.15/byte-buddy-1.8.15.jar:/Users/alrafifahd96gmail.com/.m2/repository/org/apache/commons/commons-exec/1.3/commons-exec-1.3.jar:/Users/alrafifahd96gmail.com/.m2/repository/commons-codec/commons-codec/1.10/commons-codec-1.10.jar:/Users/alrafifahd96gmail.com/.m2/repository/commons-logging/commons-logging/1.2/commons-logging-1.2.jar:/Users/alrafifahd96gmail.com/.m2/repository/com/google/guava/guava/25.0-jre/guava-25.0-jre.jar:/Users/alrafifahd96gmail.com/.m2/repository/com/google/code/findbugs/jsr305/1.3.9/jsr305-1.3.9.jar:/Users/alrafifahd96gmail.com/.m2/repository/org/checkerframework/checker-compat-qual/2.0.0/checker-compat-qual-2.0.0.jar:/Users/alrafifahd96gmail.com/.m2/repository/com/google/errorprone/error_prone_annotations/2.1.3/error_prone_annotations-2.1.3.jar:/Users/alrafifahd96gmail.com/.m2/repository/com/google/j2objc/j2objc-annotations/1.1/j2objc-annotations-1.1.jar:/Users/alrafifahd96gmail.com/.m2/repository/org/codehaus/mojo/animal-sniffer-annotations/1.14/animal-sniffer-annotations-1.14.jar:/Users/alrafifahd96gmail.com/.m2/repository/org/apache/httpcomponents/httpclient/4.5.5/httpclient-4.5.5.jar:/Users/alrafifahd96gmail.com/.m2/repository/org/apache/httpcomponents/httpcore/4.4.9/httpcore-4.4.9.jar:/Users/alrafifahd96gmail.com/.m2/repository/com/squareup/okhttp3/okhttp/3.10.0/okhttp-3.10.0.jar:/Users/alrafifahd96gmail.com/.m2/repository/com/squareup/okio/okio/1.14.1/okio-1.14.1.jar:/Users/alrafifahd96gmail.com/.m2/repository/org/seleniumhq/selenium/selenium-server/3.14.0/selenium-server-3.14.0.jar:/Users/alrafifahd96gmail.com/.m2/repository/org/apache/commons/commons-lang3/3.7/commons-lang3-3.7.jar:/Users/alrafifahd96gmail.com/.m2/repository/org/apache/commons/commons-text/1.1/commons-text-1.1.jar:/Users/alrafifahd96gmail.com/.m2/repository/commons-io/commons-io/2.6/commons-io-2.6.jar:/Users/alrafifahd96gmail.com/.m2/repository/commons-net/commons-net/3.6/commons-net-3.6.jar:/Users/alrafifahd96gmail.com/.m2/repository/net/sourceforge/htmlunit/htmlunit/2.30/htmlunit-2.30.jar:/Users/alrafifahd96gmail.com/.m2/repository/net/sourceforge/htmlunit/htmlunit-core-js/2.28/htmlunit-core-js-2.28.jar:/Users/alrafifahd96gmail.com/.m2/repository/net/sourceforge/htmlunit/htmlunit-cssparser/1.0.0/htmlunit-cssparser-1.0.0.jar:/Users/alrafifahd96gmail.com/.m2/repository/net/sourceforge/htmlunit/neko-htmlunit/2.30/neko-htmlunit-2.30.jar:/Users/alrafifahd96gmail.com/.m2/repository/org/apache/httpcomponents/httpmime/4.5.5/httpmime-4.5.5.jar:/Users/alrafifahd96gmail.com/.m2/repository/net/jcip/jcip-annotations/1.0/jcip-annotations-1.0.jar:/Users/alrafifahd96gmail.com/.m2/repository/org/seleniumhq/selenium/jetty-repacked/9.4.8.v20180619/jetty-repacked-9.4.8.v20180619.jar:/Users/alrafifahd96gmail.com/.m2/repository/org/eclipse/jetty/jetty-client/9.4.8.v20180619/jetty-client-9.4.8.v20180619.jar:/Users/alrafifahd96gmail.com/.m2/repository/org/eclipse/jetty/jetty-http/9.4.8.v20180619/jetty-http-9.4.8.v20180619.jar:/Users/alrafifahd96gmail.com/.m2/repository/org/eclipse/jetty/jetty-io/9.4.8.v20180619/jetty-io-9.4.8.v20180619.jar:/Users/alrafifahd96gmail.com/.m2/repository/org/eclipse/jetty/jetty-util/9.4.8.v20180619/jetty-util-9.4.8.v20180619.jar:/Users/alrafifahd96gmail.com/.m2/repository/org/eclipse/jetty/jetty-xml/9.4.8.v20180619/jetty-xml-9.4.8.v20180619.jar:/Users/alrafifahd96gmail.com/.m2/repository/org/seleniumhq/selenium/htmlunit-driver/2.30.0/htmlunit-driver-2.30.0.jar:/Users/alrafifahd96gmail.com/.m2/repository/javax/servlet/javax.servlet-api/3.1.0/javax.servlet-api-3.1.0.jar:/Users/alrafifahd96gmail.com/.m2/repository/org/eclipse/jetty/websocket/websocket-api/9.4.8.v20180619/websocket-api-9.4.8.v20180619.jar:/Users/alrafifahd96gmail.com/.m2/repository/org/eclipse/jetty/websocket/websocket-client/9.4.8.v20180619/websocket-client-9.4.8.v20180619.jar:/Users/alrafifahd96gmail.com/.m2/repository/org/eclipse/jetty/websocket/websocket-common/9.4.8.v20180619/websocket-common-9.4.8.v20180619.jar:/Users/alrafifahd96gmail.com/.m2/repository/xalan/serializer/2.7.2/serializer-2.7.2.jar:/Users/alrafifahd96gmail.com/.m2/repository/xalan/xalan/2.7.2/xalan-2.7.2.jar:/Users/alrafifahd96gmail.com/.m2/repository/xerces/xercesImpl/2.11.0/xercesImpl-2.11.0.jar:/Users/alrafifahd96gmail.com/.m2/repository/xml-apis/xml-apis/1.4.01/xml-apis-1.4.01.jar:/Users/alrafifahd96gmail.com/.m2/repository/org/yaml/snakeyaml/1.19/snakeyaml-1.19.jar:/Users/alrafifahd96gmail.com/.m2/repository/org/apache/poi/poi/3.17/poi-3.17.jar:/Users/alrafifahd96gmail.com/.m2/repository/org/apache/commons/commons-collections4/4.1/commons-collections4-4.1.jar:/Users/alrafifahd96gmail.com/.m2/repository/org/apache/poi/poi-ooxml/3.17/poi-ooxml-3.17.jar:/Users/alrafifahd96gmail.com/.m2/repository/org/apache/poi/poi-ooxml-schemas/3.17/poi-ooxml-schemas-3.17.jar:/Users/alrafifahd96gmail.com/.m2/repository/org/apache/xmlbeans/xmlbeans/2.6.0/xmlbeans-2.6.0.jar:/Users/alrafifahd96gmail.com/.m2/repository/stax/stax-api/1.0.1/stax-api-1.0.1.jar:/Users/alrafifahd96gmail.com/.m2/repository/com/github/virtuald/curvesapi/1.04/curvesapi-1.04.jar:/Users/alrafifahd96gmail.com/.m2/repository/com/google/api-client/google-api-client/1.23.0/google-api-client-1.23.0.jar:/Users/alrafifahd96gmail.com/.m2/repository/com/google/oauth-client/google-oauth-client/1.23.0/google-oauth-client-1.23.0.jar:/Users/alrafifahd96gmail.com/.m2/repository/com/google/http-client/google-http-client/1.23.0/google-http-client-1.23.0.jar:/Users/alrafifahd96gmail.com/.m2/repository/com/google/http-client/google-http-client-jackson2/1.23.0/google-http-client-jackson2-1.23.0.jar:/Users/alrafifahd96gmail.com/.m2/repository/com/fasterxml/jackson/core/jackson-core/2.1.3/jackson-core-2.1.3.jar:/Users/alrafifahd96gmail.com/.m2/repository/com/google/guava/guava-jdk5/17.0/guava-jdk5-17.0.jar:/Users/alrafifahd96gmail.com/.m2/repository/com/google/oauth-client/google-oauth-client-jetty/1.23.0/google-oauth-client-jetty-1.23.0.jar:/Users/alrafifahd96gmail.com/.m2/repository/com/google/oauth-client/google-oauth-client-java6/1.23.0/google-oauth-client-java6-1.23.0.jar:/Users/alrafifahd96gmail.com/.m2/repository/org/mortbay/jetty/jetty/6.1.26/jetty-6.1.26.jar:/Users/alrafifahd96gmail.com/.m2/repository/org/mortbay/jetty/jetty-util/6.1.26/jetty-util-6.1.26.jar:/Users/alrafifahd96gmail.com/.m2/repository/org/mortbay/jetty/servlet-api/2.5-20081211/servlet-api-2.5-20081211.jar:/Users/alrafifahd96gmail.com/.m2/repository/com/google/apis/google-api-services-sheets/v4-rev498-1.23.0/google-api-services-sheets-v4-rev498-1.23.0.jar:/Users/alrafifahd96gmail.com/.m2/repository/org/mongodb/mongo-java-driver/3.6.0-beta1/mongo-java-driver-3.6.0-beta1.jar:/Users/alrafifahd96gmail.com/.m2/repository/mysql/mysql-connector-java/6.0.6/mysql-connector-java-6.0.6.jar:/Users/alrafifahd96gmail.com/.m2/repository/com/relevantcodes/extentreports/2.41.1/extentreports-2.41.1.jar:/Users/alrafifahd96gmail.com/.m2/repository/org/jsoup/jsoup/1.8.3/jsoup-1.8.3.jar:/Users/alrafifahd96gmail.com/.m2/repository/org/xerial/sqlite-jdbc/3.8.11.1/sqlite-jdbc-3.8.11.1.jar:/Users/alrafifahd96gmail.com/.m2/repository/org/freemarker/freemarker/2.3.23/freemarker-2.3.23.jar:/Users/alrafifahd96gmail.com/.m2/repository/org/mongodb/mongodb-driver/3.0.4/mongodb-driver-3.0.4.jar:/Users/alrafifahd96gmail.com/.m2/repository/org/mongodb/bson/3.0.4/bson-3.0.4.jar:/Users/alrafifahd96gmail.com/.m2/repository/org/mongodb/mongodb-driver-core/3.0.4/mongodb-driver-core-3.0.4.jar:/Users/alrafifahd96gmail.com/.m2/repository/com/aventstack/extentreports/3.0.7/extentreports-3.0.7.jar:/Users/alrafifahd96gmail.com/.m2/repository/com/google/code/gson/gson/2.8.0/gson-2.8.0.jar:/Users/alrafifahd96gmail.com/.m2/repository/io/rest-assured/rest-assured/3.0.6/rest-assured-3.0.6.jar:/Users/alrafifahd96gmail.com/.m2/repository/org/codehaus/groovy/groovy/2.4.12/groovy-2.4.12.jar:/Users/alrafifahd96gmail.com/.m2/repository/org/codehaus/groovy/groovy-xml/2.4.12/groovy-xml-2.4.12.jar:/Users/alrafifahd96gmail.com/.m2/repository/org/hamcrest/hamcrest-core/1.3/hamcrest-core-1.3.jar:/Users/alrafifahd96gmail.com/.m2/repository/org/hamcrest/hamcrest-library/1.3/hamcrest-library-1.3.jar:/Users/alrafifahd96gmail.com/.m2/repository/org/ccil/cowan/tagsoup/tagsoup/1.2.1/tagsoup-1.2.1.jar:/Users/alrafifahd96gmail.com/.m2/repository/io/rest-assured/json-path/3.0.6/json-path-3.0.6.jar:/Users/alrafifahd96gmail.com/.m2/repository/org/codehaus/groovy/groovy-json/2.4.12/groovy-json-2.4.12.jar:/Users/alrafifahd96gmail.com/.m2/repository/io/rest-assured/rest-assured-common/3.0.6/rest-assured-common-3.0.6.jar:/Users/alrafifahd96gmail.com/.m2/repository/io/rest-assured/xml-path/3.0.6/xml-path-3.0.6.jar:/Users/alrafifahd96gmail.com/.m2/repository/javax/xml/bind/jaxb-api/2.2.12/jaxb-api-2.2.12.jar:/Users/alrafifahd96gmail.com/.m2/repository/com/googlecode/json-simple/json-simple/1.1.1/json-simple-1.1.1.jar:/Users/alrafifahd96gmail.com/.m2/repository/junit/junit/4.10/junit-4.10.jar:/Users/alrafifahd96gmail.com/.m2/repository/org/apache/maven/surefire/surefire-testng-utils/2.22.0/surefire-testng-utils-2.22.0.jar:/Users/alrafifahd96gmail.com/.m2/repository/org/apache/maven/surefire/surefire-grouper/2.22.0/surefire-grouper-2.22.0.jar:"/>
    <property name="sun.cpu.endian" value="little"/>
    <property name="user.home" value="/Users/alrafifahd96gmail.com"/>
    <property name="user.language" value="en"/>
    <property name="java.specification.vendor" value="Oracle Corporation"/>
    <property name="java.version.date" value="2018-10-16"/>
    <property name="java.home" value="/Library/Java/JavaVirtualMachines/jdk-11.0.1.jdk/Contents/Home"/>
    <property name="file.separator" value="/"/>
    <property name="basedir" value="/Users/alrafifahd96gmail.com/Desktop/GroupFrameworkTeam11/ebay"/>
    <property name="java.vm.compressedOopsMode" value="Zero based"/>
    <property name="line.separator" value="&#10;"/>
    <property name="java.specification.name" value="Java Platform API Specification"/>
    <property name="java.vm.specification.vendor" value="Oracle Corporation"/>
    <property name="java.awt.graphicsenv" value="sun.awt.CGraphicsEnvironment"/>
    <property name="surefire.real.class.path" value="/Users/alrafifahd96gmail.com/Desktop/GroupFrameworkTeam11/ebay/target/surefire/surefirebooter15271744107248832316.jar"/>
    <property name="sun.management.compiler" value="HotSpot 64-Bit Tiered Compilers"/>
    <property name="ftp.nonProxyHosts" value="local|*.local|169.254/16|*.169.254/16"/>
    <property name="java.runtime.version" value="11.0.1+13-LTS"/>
    <property name="user.name" value="alrafifahd96gmail.com"/>
    <property name="path.separator" value=":"/>
    <property name="os.version" value="10.14"/>
    <property name="java.runtime.name" value="Java(TM) SE Runtime Environment"/>
    <property name="file.encoding" value="UTF-8"/>
    <property name="java.vm.name" value="Java HotSpot(TM) 64-Bit Server VM"/>
    <property name="java.vendor.version" value="18.9"/>
    <property name="localRepository" value="/Users/alrafifahd96gmail.com/.m2/repository"/>
    <property name="java.vendor.url.bug" value="http://bugreport.java.com/bugreport/"/>
    <property name="java.io.tmpdir" value="/var/folders/th/t2k3ltfd38q2g2z72rvf9y840000gn/T/"/>
    <property name="idea.version" value="2018.3.1"/>
    <property name="java.version" value="11.0.1"/>
    <property name="user.dir" value="/Users/alrafifahd96gmail.com/Desktop/GroupFrameworkTeam11/ebay"/>
    <property name="os.arch" value="x86_64"/>
    <property name="java.vm.specification.name" value="Java Virtual Machine Specification"/>
    <property name="java.awt.printerjob" value="sun.lwawt.macosx.CPrinterJob"/>
    <property name="sun.os.patch.level" value="unknown"/>
    <property name="java.library.path" value="/Users/alrafifahd96gmail.com/Library/Java/Extensions:/Library/Java/Extensions:/Network/Library/Java/Extensions:/System/Library/Java/Extensions:/usr/lib/java:."/>
    <property name="java.vendor" value="Oracle Corporation"/>
    <property name="java.vm.info" value="mixed mode"/>
    <property name="java.vm.version" value="11.0.1+13-LTS"/>
    <property name="sun.io.unicode.encoding" value="UnicodeBig"/>
    <property name="java.class.version" value="55.0"/>
    <property name="socksNonProxyHosts" value="local|*.local|169.254/16|*.169.254/16"/>
  </properties>
  <testcase name="setup" classname="testHomePage.TestMainPage" time="1.022">
    <failure message="The driver executable does not exist: /Users/alrafifahd96gmail.com/Desktop/GroupFrameworkTeam11/ebay/C:\Users\orfat\Desktop\GroupFrameworkTeam11\Generic\Driver\chromedriver.exe" type="java.lang.IllegalStateException">java.lang.IllegalStateException: The driver executable does not exist: /Users/alrafifahd96gmail.com/Desktop/GroupFrameworkTeam11/ebay/C:\Users\orfat\Desktop\GroupFrameworkTeam11\Generic\Driver\chromedriver.exe
</failure>
  </testcase>
  <testcase name="setup" classname="testHomePage.TestMainPage" time="0">
    <skipped/>
  </testcase>
  <testcase name="setup" classname="testHomePage.TestMainPage" time="0">
    <skipped/>
  </testcase>
  <testcase name="setup" classname="testHomePage.TestMainPage" time="0">
    <skipped/>
  </testcase>
  <testcase name="startExtent" classname="testHomePage.TestMainPage" time="0">
    <skipped/>
  </testcase>
  <testcase name="startExtent" classname="testHomePage.TestMainPage" time="0">
    <skipped/>
  </testcase>
  <testcase name="startExtent" classname="testHomePage.TestMainPage" time="0">
    <skipped/>
  </testcase>
  <testcase name="startExtent" classname="testHomePage.TestMainPage" time="0">
    <skipped/>
  </testcase>
  <testcase name="initElements" classname="testHomePage.TestMainPage" time="0">
    <skipped/>
  </testcase>
  <testcase name="initElements" classname="testHomePage.TestMainPage" time="0">
    <skipped/>
  </testcase>
  <testcase name="initElements" classname="testHomePage.TestMainPage" time="0">
    <skipped/>
  </testcase>
  <testcase name="initElements" classname="testHomePage.TestMainPage" time="0">
    <skipped/>
  </testcase>
  <testcase name="testfindDeals" classname="testHomePage.TestMainPage" time="0">
    <skipped message="The driver executable does not exist: /Users/alrafifahd96gmail.com/Desktop/GroupFrameworkTeam11/ebay/C:\Users\orfat\Desktop\GroupFrameworkTeam11\Generic\Driver\chromedriver.exe"/>
  </testcase>
  <testcase name="afterEachTestMethod" classname="testHomePage.TestMainPage" time="0">
    <skipped/>
  </testcase>
  <testcase name="afterEachTestMethod" classname="testHomePage.TestMainPage" time="0">
    <skipped/>
  </testcase>
  <testcase name="afterEachTestMethod" classname="testHomePage.TestMainPage" time="0">
    <skipped/>
  </testcase>
  <testcase name="afterEachTestMethod" classname="testHomePage.TestMainPage" time="0">
    <skipped/>
  </testcase>
  <testcase name="testfindElectronics" classname="testHomePage.TestMainPage" time="0">
    <skipped message="The driver executable does not exist: /Users/alrafifahd96gmail.com/Desktop/GroupFrameworkTeam11/ebay/C:\Users\orfat\Desktop\GroupFrameworkTeam11\Generic\Driver\chromedriver.exe"/>
  </testcase>
  <testcase name="testsearchButton" classname="testHomePage.TestMainPage" time="0">
    <skipped message="The driver executable does not exist: /Users/alrafifahd96gmail.com/Desktop/GroupFrameworkTeam11/ebay/C:\Users\orfat\Desktop\GroupFrameworkTeam11\Generic\Driver\chromedriver.exe"/>
  </testcase>
  <testcase name="testsearchPhone" classname="testHomePage.TestMainPage" time="0">
    <skipped message="The driver executable does not exist: /Users/alrafifahd96gmail.com/Desktop/GroupFrameworkTeam11/ebay/C:\Users\orfat\Desktop\GroupFrameworkTeam11\Generic\Driver\chromedriver.exe"/>
  </testcase>
  <testcase name="generateReport" classname="testHomePage.TestMainPage" time="0">
    <skipped/>
  </testcase>
</testsuite>